Determining if the pthread_create exist failed with the following output:
Change Dir: /home/amz/carros_ws/build_isolated/cartographer_rviz/CMakeFiles/CMakeTmp

Run Build Command:"/usr/bin/ninja" "cmTC_d25ca"
[1/2] Building C object CMakeFiles/cmTC_d25ca.dir/CheckSymbolExists.c.o
[2/2] Linking C executable cmTC_d25ca
FAILED: : && /usr/bin/cc     CMakeFiles/cmTC_d25ca.dir/CheckSymbolExists.c.o  -o cmTC_d25ca  -rdynamic && :
CMakeFiles/cmTC_d25ca.dir/CheckSymbolExists.c.o: In function `main':
CheckSymbolExists.c:(.text+0x16): undefined reference to `pthread_create'
collect2: error: ld returned 1 exit status
ninja: build stopped: subcommand failed.

File /home/amz/carros_ws/build_isolated/cartographer_rviz/CMakeFiles/CMakeTmp/CheckSymbolExists.c:
/* */
#include <pthread.h>

int main(int argc, char** argv)
{
  (void)argv;
#ifndef pthread_create
  return ((int*)(&pthread_create))[argc];
#else
  (void)argc;
  return 0;
#endif
}

Determining if the function pthread_create exists in the pthreads failed with the following output:
Change Dir: /home/amz/carros_ws/build_isolated/cartographer_rviz/CMakeFiles/CMakeTmp

Run Build Command:"/usr/bin/ninja" "cmTC_0050f"
[1/2] Building C object CMakeFiles/cmTC_0050f.dir/CheckFunctionExists.c.o
[2/2] Linking C executable cmTC_0050f
FAILED: : && /usr/bin/cc  -DCHECK_FUNCTION_EXISTS=pthread_create   CMakeFiles/cmTC_0050f.dir/CheckFunctionExists.c.o  -o cmTC_0050f  -rdynamic -lpthreads && :
/usr/bin/ld: cannot find -lpthreads
collect2: error: ld returned 1 exit status
ninja: build stopped: subcommand failed.


