Determining if the pthread_create exist failed with the following output:
Change Dir: /home/amz/fyp_ws/build/CMakeFiles/CMakeTmp

Run Build Command:"/usr/bin/make" "cmTC_e63de/fast"
/usr/bin/make -f CMakeFiles/cmTC_e63de.dir/build.make CMakeFiles/cmTC_e63de.dir/build
make[1]: Entering directory '/home/amz/fyp_ws/build/CMakeFiles/CMakeTmp'
Building C object CMakeFiles/cmTC_e63de.dir/CheckSymbolExists.c.o
/usr/bin/cc     -o CMakeFiles/cmTC_e63de.dir/CheckSymbolExists.c.o   -c /home/amz/fyp_ws/build/CMakeFiles/CMakeTmp/CheckSymbolExists.c
Linking C executable cmTC_e63de
/usr/bin/cmake -E cmake_link_script CMakeFiles/cmTC_e63de.dir/link.txt --verbose=1
/usr/bin/cc       CMakeFiles/cmTC_e63de.dir/CheckSymbolExists.c.o  -o cmTC_e63de -rdynamic 
CMakeFiles/cmTC_e63de.dir/CheckSymbolExists.c.o: In function `main':
CheckSymbolExists.c:(.text+0x16): undefined reference to `pthread_create'
collect2: error: ld returned 1 exit status
CMakeFiles/cmTC_e63de.dir/build.make:97: recipe for target 'cmTC_e63de' failed
make[1]: *** [cmTC_e63de] Error 1
make[1]: Leaving directory '/home/amz/fyp_ws/build/CMakeFiles/CMakeTmp'
Makefile:126: recipe for target 'cmTC_e63de/fast' failed
make: *** [cmTC_e63de/fast] Error 2

File /home/amz/fyp_ws/build/CMakeFiles/CMakeTmp/CheckSymbolExists.c:
/* */
#include <pthread.h>

int main(int argc, char** argv)
{
  (void)argv;
#ifndef pthread_create
  return ((int*)(&pthread_create))[argc];
#else
  (void)argc;
  return 0;
#endif
}

Determining if the function pthread_create exists in the pthreads failed with the following output:
Change Dir: /home/amz/fyp_ws/build/CMakeFiles/CMakeTmp

Run Build Command:"/usr/bin/make" "cmTC_915af/fast"
/usr/bin/make -f CMakeFiles/cmTC_915af.dir/build.make CMakeFiles/cmTC_915af.dir/build
make[1]: Entering directory '/home/amz/fyp_ws/build/CMakeFiles/CMakeTmp'
Building C object CMakeFiles/cmTC_915af.dir/CheckFunctionExists.c.o
/usr/bin/cc    -DCHECK_FUNCTION_EXISTS=pthread_create   -o CMakeFiles/cmTC_915af.dir/CheckFunctionExists.c.o   -c /usr/share/cmake-3.5/Modules/CheckFunctionExists.c
Linking C executable cmTC_915af
/usr/bin/cmake -E cmake_link_script CMakeFiles/cmTC_915af.dir/link.txt --verbose=1
/usr/bin/cc   -DCHECK_FUNCTION_EXISTS=pthread_create    CMakeFiles/cmTC_915af.dir/CheckFunctionExists.c.o  -o cmTC_915af -rdynamic -lpthreads 
/usr/bin/ld: cannot find -lpthreads
collect2: error: ld returned 1 exit status
CMakeFiles/cmTC_915af.dir/build.make:97: recipe for target 'cmTC_915af' failed
make[1]: *** [cmTC_915af] Error 1
make[1]: Leaving directory '/home/amz/fyp_ws/build/CMakeFiles/CMakeTmp'
Makefile:126: recipe for target 'cmTC_915af/fast' failed
make: *** [cmTC_915af/fast] Error 2


